<?xml version="1.0" encoding="UTF-8"?>
<!-- Generated by org.testng.reporters.JUnitReportReporter -->
<testsuite skipped="0" hostname="Hoang" name="myPackage.TestClass" tests="1" failures="0" timestamp="19 Apr 2018 03:58:59 GMT" time="6.038" errors="0">
  <testcase name="test" time="6.038" classname="myPackage.TestClass"/>
</testsuite> <!-- myPackage.TestClass -->
